<?xml version="1.0" encoding="UTF-8"?>
<testsuite xmlns:xsi="http://www.w3.org/2001/XMLSchema-instance" xsi:noNamespaceSchemaLocation="https://maven.apache.org/surefire/maven-surefire-plugin/xsd/surefire-test-report-3.0.xsd" version="3.0" name="com.mycompany.ice_task4.SeriesTest" time="0.149" tests="7" errors="0" skipped="0" failures="0">
  <properties>
    <property name="java.specification.version" value="21"/>
    <property name="sun.cpu.isalist" value="amd64"/>
    <property name="sun.jnu.encoding" value="Cp1252"/>
    <property name="java.class.path" value="C:\Users\RC_Student_lab\Documents\NetBeansProjects\ICE_Task4\target\test-classes;C:\Users\RC_Student_lab\Documents\NetBeansProjects\ICE_Task4\target\classes;C:\Users\RC_Student_lab\.m2\repository\org\junit\jupiter\junit-jupiter\5.10.0\junit-jupiter-5.10.0.jar;C:\Users\RC_Student_lab\.m2\repository\org\junit\jupiter\junit-jupiter-api\5.10.0\junit-jupiter-api-5.10.0.jar;C:\Users\RC_Student_lab\.m2\repository\org\opentest4j\opentest4j\1.3.0\opentest4j-1.3.0.jar;C:\Users\RC_Student_lab\.m2\repository\org\junit\platform\junit-platform-commons\1.10.0\junit-platform-commons-1.10.0.jar;C:\Users\RC_Student_lab\.m2\repository\org\apiguardian\apiguardian-api\1.1.2\apiguardian-api-1.1.2.jar;C:\Users\RC_Student_lab\.m2\repository\org\junit\jupiter\junit-jupiter-params\5.10.0\junit-jupiter-params-5.10.0.jar;C:\Users\RC_Student_lab\.m2\repository\org\junit\jupiter\junit-jupiter-engine\5.10.0\junit-jupiter-engine-5.10.0.jar;C:\Users\RC_Student_lab\.m2\repository\org\junit\platform\junit-platform-engine\1.10.0\junit-platform-engine-1.10.0.jar;C:\Users\RC_Student_lab\.m2\repository\org\hamcrest\hamcrest-core\1.3\hamcrest-core-1.3.jar;"/>
    <property name="java.vm.vendor" value="Oracle Corporation"/>
    <property name="sun.arch.data.model" value="64"/>
    <property name="user.variant" value=""/>
    <property name="java.vendor.url" value="https://java.oracle.com/"/>
    <property name="user.timezone" value="Etc/UTC"/>
    <property name="os.name" value="Windows 10"/>
    <property name="java.vm.specification.version" value="21"/>
    <property name="user.country" value="US"/>
    <property name="sun.java.launcher" value="SUN_STANDARD"/>
    <property name="sun.boot.library.path" value="C:\Program Files\Java\jdk-21\bin"/>
    <property name="sun.java.command" value="C:\Users\RC_Student_lab\AppData\Local\Temp\surefire4464235377366613780\surefirebooter-20250814132259992_3.jar C:\Users\RC_Student_lab\AppData\Local\Temp\surefire4464235377366613780 2025-08-14T13-22-59_833-jvmRun1 surefire-20250814132259992_1tmp surefire_0-20250814132259992_2tmp"/>
    <property name="jdk.debug" value="release"/>
    <property name="test" value="com.mycompany.ice_task4.SeriesTest"/>
    <property name="surefire.test.class.path" value="C:\Users\RC_Student_lab\Documents\NetBeansProjects\ICE_Task4\target\test-classes;C:\Users\RC_Student_lab\Documents\NetBeansProjects\ICE_Task4\target\classes;C:\Users\RC_Student_lab\.m2\repository\org\junit\jupiter\junit-jupiter\5.10.0\junit-jupiter-5.10.0.jar;C:\Users\RC_Student_lab\.m2\repository\org\junit\jupiter\junit-jupiter-api\5.10.0\junit-jupiter-api-5.10.0.jar;C:\Users\RC_Student_lab\.m2\repository\org\opentest4j\opentest4j\1.3.0\opentest4j-1.3.0.jar;C:\Users\RC_Student_lab\.m2\repository\org\junit\platform\junit-platform-commons\1.10.0\junit-platform-commons-1.10.0.jar;C:\Users\RC_Student_lab\.m2\repository\org\apiguardian\apiguardian-api\1.1.2\apiguardian-api-1.1.2.jar;C:\Users\RC_Student_lab\.m2\repository\org\junit\jupiter\junit-jupiter-params\5.10.0\junit-jupiter-params-5.10.0.jar;C:\Users\RC_Student_lab\.m2\repository\org\junit\jupiter\junit-jupiter-engine\5.10.0\junit-jupiter-engine-5.10.0.jar;C:\Users\RC_Student_lab\.m2\repository\org\junit\platform\junit-platform-engine\1.10.0\junit-platform-engine-1.10.0.jar;C:\Users\RC_Student_lab\.m2\repository\org\hamcrest\hamcrest-core\1.3\hamcrest-core-1.3.jar;"/>
    <property name="sun.cpu.endian" value="little"/>
    <property name="user.home" value="C:\Users\RC_Student_lab"/>
    <property name="user.language" value="en"/>
    <property name="java.specification.vendor" value="Oracle Corporation"/>
    <property name="java.version.date" value="2024-01-16"/>
    <property name="java.home" value="C:\Program Files\Java\jdk-21"/>
    <property name="file.separator" value="\"/>
    <property name="basedir" value="C:\Users\RC_Student_lab\Documents\NetBeansProjects\ICE_Task4"/>
    <property name="java.vm.compressedOopsMode" value="Zero based"/>
    <property name="line.separator" value="&#10;"/>
    <property name="java.vm.specification.vendor" value="Oracle Corporation"/>
    <property name="java.specification.name" value="Java Platform API Specification"/>
    <property name="surefire.real.class.path" value="C:\Users\RC_Student_lab\AppData\Local\Temp\surefire4464235377366613780\surefirebooter-20250814132259992_3.jar"/>
    <property name="user.script" value=""/>
    <property name="sun.management.compiler" value="HotSpot 64-Bit Tiered Compilers"/>
    <property name="java.runtime.version" value="21.0.2+13-LTS-58"/>
    <property name="user.name" value="RC_Student_lab"/>
    <property name="stdout.encoding" value="Cp1252"/>
    <property name="path.separator" value=";"/>
    <property name="os.version" value="10.0"/>
    <property name="java.runtime.name" value="Java(TM) SE Runtime Environment"/>
    <property name="file.encoding" value="UTF-8"/>
    <property name="java.vm.name" value="Java HotSpot(TM) 64-Bit Server VM"/>
    <property name="maven.ext.class.path" value="C:\Program Files\NetBeans-19\netbeans\java\maven-nblib\netbeans-eventspy.jar"/>
    <property name="localRepository" value="C:\Users\RC_Student_lab\.m2\repository"/>
    <property name="java.vendor.url.bug" value="https://bugreport.java.com/bugreport/"/>
    <property name="java.io.tmpdir" value="C:\Users\RC_STU~1\AppData\Local\Temp\"/>
    <property name="java.version" value="21.0.2"/>
    <property name="user.dir" value="C:\Users\RC_Student_lab\Documents\NetBeansProjects\ICE_Task4"/>
    <property name="os.arch" value="amd64"/>
    <property name="java.vm.specification.name" value="Java Virtual Machine Specification"/>
    <property name="sun.os.patch.level" value=""/>
    <property name="native.encoding" value="Cp1252"/>
    <property name="java.library.path" value="C:\Program Files\Java\jdk-21\bin;C:\Windows\Sun\Java\bin;C:\Windows\system32;C:\Windows;C:\Program Files\Common Files\Oracle\Java\javapath;C:\Windows\system32;C:\Windows;C:\Windows\System32\Wbem;C:\Windows\System32\WindowsPowerShell\v1.0\;C:\Windows\System32\OpenSSH\;C:\Program Files (x86)\Microsoft SQL Server\160\Tools\Binn\;C:\Program Files\Microsoft SQL Server\160\Tools\Binn\;C:\Program Files\Microsoft SQL Server\Client SDK\ODBC\170\Tools\Binn\;C:\Program Files\Microsoft SQL Server\160\DTS\Binn\;C:\Program Files (x86)\Microsoft SQL Server\160\DTS\Binn\;C:\Program Files\Azure Data Studio\bin;C:\Program Files\nodejs\;C:\Program Files\GitHub CLI\GithubPROG\;C:\Users\RC_Student_lab\AppData\Local\Microsoft\WindowsApps;C:\Program Files\Azure Data Studio\bin;C:\Users\RC_Student_lab\AppData\Roaming\npm;C:\Users\RC_Student_lab\AppData\Local\Programs\Microsoft VS Code\bin;C:\Users\RC_Student_lab\AppData\Local\GitHubDesktop\bin;."/>
    <property name="java.vm.info" value="mixed mode, sharing"/>
    <property name="stderr.encoding" value="Cp1252"/>
    <property name="java.vendor" value="Oracle Corporation"/>
    <property name="java.vm.version" value="21.0.2+13-LTS-58"/>
    <property name="sun.io.unicode.encoding" value="UnicodeLittle"/>
    <property name="java.class.version" value="65.0"/>
  </properties>
  <testcase name="TestSeriesAgeRestriction_SeriesAgeInValid" classname="com.mycompany.ice_task4.SeriesTest" time="0.068">
    <system-out><![CDATA[Enter Series ID: Enter Series Name: Enter Series Age Restriction (2-18): Invalid input! Enter a numeric value.
Enter Series Age Restriction (2-18): Incorrect age! Enter a number between 2 and 18.
Enter Series Age Restriction (2-18): Enter Number of Episodes: 
Series information has been saved successfully!
]]></system-out>
  </testcase>
  <testcase name="TestSeriesAgeRestriction_AgeValid" classname="com.mycompany.ice_task4.SeriesTest" time="0.003">
    <system-out><![CDATA[Enter Series ID: Enter Series Name: Enter Series Age Restriction (2-18): Enter Number of Episodes: 
Series information has been saved successfully!
]]></system-out>
  </testcase>
  <testcase name="TestUpdateSeries" classname="com.mycompany.ice_task4.SeriesTest" time="0.009">
    <system-out><![CDATA[Enter the Series ID to update: Enter new Series Name (current: Old Name): Enter new Age Restriction (2-18) (current: 10): Enter new Number of Episodes (current: 12): 
Series information updated successfully!

]]></system-out>
  </testcase>
  <testcase name="TestDeleteSeries" classname="com.mycompany.ice_task4.SeriesTest" time="0.006">
    <system-out><![CDATA[Enter the Series ID to delete: 
Series found:
Series ID: S001
Series Name: Test Series
Age Restriction: 10
Number of Episodes: 12
Are you sure you want to delete this series? (Y/N): Series deleted successfully!

]]></system-out>
  </testcase>
  <testcase name="TestDeleteSeries_SeriesNotFound" classname="com.mycompany.ice_task4.SeriesTest" time="0.004">
    <system-out><![CDATA[Enter the Series ID to delete: No data can be found.

]]></system-out>
  </testcase>
  <testcase name="TestSearchSerries" classname="com.mycompany.ice_task4.SeriesTest" time="0.002">
    <system-out><![CDATA[Enter the Series ID to search for: 
Series found!
Series ID: S001
Series Name: Test Series
Age Restriction: 10
Number of Episodes: 12
]]></system-out>
  </testcase>
  <testcase name="TestSearchSeries_SeriesNotFound" classname="com.mycompany.ice_task4.SeriesTest" time="0.002">
    <system-out><![CDATA[No series have been added yet.
]]></system-out>
  </testcase>
</testsuite>